<?xml version="1.0" encoding="UTF-8"?>
<!-- Generated by org.testng.reporters.JUnitXMLReporter -->
<testsuite hostname="M3106868" ignored="0" name="Default test" tests="44" failures="2" timestamp="01 Jul 2019 20:29:56 GMT" time="54.89" errors="0">
  <testcase name="Successfulllogin" time="0.548" classname="com.ImapTesting.testcases.TC_CompressorConfiguration"/>
  <testcase name="validatedashboardpage" time="1.45" classname="com.ImapTesting.testcases.TC_CompressorConfiguration"/>
  <testcase name="clickMyProjectIcon" time="3.428" classname="com.ImapTesting.testcases.TC_CompressorConfiguration"/>
  <testcase name="Verify_ProjectList" time="0.677" classname="com.ImapTesting.testcases.TC_CompressorConfiguration"/>
  <testcase name="Verify_UnittList" time="1.733" classname="com.ImapTesting.testcases.TC_CompressorConfiguration"/>
  <testcase name="Verify_AddCompDrop" time="4.216" classname="com.ImapTesting.testcases.TC_CompressorConfiguration"/>
  <testcase name="Verify_BtnPerformanceCal" time="0.105" classname="com.ImapTesting.testcases.TC_CompressorConfiguration"/>
  <testcase name="Verify_BtnCompressorSave" time="0.172" classname="com.ImapTesting.testcases.TC_CompressorConfiguration"/>
  <testcase name="Verify_BtnCompressorNext" time="0.11" classname="com.ImapTesting.testcases.TC_CompressorConfiguration"/>
  <testcase name="Verify_DefaultMassFlowMultiplier" time="0.037" classname="com.ImapTesting.testcases.TC_CompressorConfiguration"/>
  <testcase name="Verify_DefaultPowerMultiplier" time="0.027" classname="com.ImapTesting.testcases.TC_CompressorConfiguration"/>
  <testcase name="Verify_DefaultCurrentMultiplier" time="0.03" classname="com.ImapTesting.testcases.TC_CompressorConfiguration"/>
  <testcase name="Verify_DefaultShellHeatLoss" time="0.035" classname="com.ImapTesting.testcases.TC_CompressorConfiguration"/>
  <testcase name="Verify_DefaultType" time="0.033" classname="com.ImapTesting.testcases.TC_CompressorConfiguration"/>
  <testcase name="Verify_Manufacture" time="0.035" classname="com.ImapTesting.testcases.TC_CompressorConfiguration"/>
  <testcase name="Verify_Model" time="0.045" classname="com.ImapTesting.testcases.TC_CompressorConfiguration"/>
  <testcase name="Verify_DefaultVoltage" time="0.025" classname="com.ImapTesting.testcases.TC_CompressorConfiguration"/>
  <testcase name="Verify_DropdownPhase" time="0.328" classname="com.ImapTesting.testcases.TC_CompressorConfiguration"/>
  <testcase name="Verify_DropdownRefrigerant" time="0.83" classname="com.ImapTesting.testcases.TC_CompressorConfiguration"/>
  <testcase name="Verify_LblVoltage" time="2.647" classname="com.ImapTesting.testcases.TC_CompressorConfiguration"/>
  <testcase name="Verify_SatSucTemp" time="0.082" classname="com.ImapTesting.testcases.TC_CompressorConfiguration"/>
  <testcase name="Verify_SatDisTemp" time="0.058" classname="com.ImapTesting.testcases.TC_CompressorConfiguration"/>
  <testcase name="Verify_LiqLineSubCool" time="0.052" classname="com.ImapTesting.testcases.TC_CompressorConfiguration"/>
  <testcase name="Verify_SucLineSubCool" time="0.077" classname="com.ImapTesting.testcases.TC_CompressorConfiguration"/>
  <testcase name="Verify_ExpectedPhaseValue" time="0.153" classname="com.ImapTesting.testcases.TC_CompressorConfiguration"/>
  <testcase name="Verify_CompressorTypeDropValue" time="0.172" classname="com.ImapTesting.testcases.TC_CompressorConfiguration"/>
  <testcase name="Verify_DefaultCompressorTypeDropValue" time="0.128" classname="com.ImapTesting.testcases.TC_CompressorConfiguration"/>
  <testcase name="Verify_ListCompressorTypeDropValue" time="0.132" classname="com.ImapTesting.testcases.TC_CompressorConfiguration"/>
  <testcase name="Verify_ExpCompressorTypeDropValue" time="0.127" classname="com.ImapTesting.testcases.TC_CompressorConfiguration"/>
  <testcase name="Verify_DefaultCost" time="0.03" classname="com.ImapTesting.testcases.TC_CompressorConfiguration"/>
  <testcase name="Verify_LabelCost" time="0.043" classname="com.ImapTesting.testcases.TC_CompressorConfiguration"/>
  <testcase name="Verify_DefaultFrequency" time="0.027" classname="com.ImapTesting.testcases.TC_CompressorConfiguration"/>
  <testcase name="Verify_LabelFrequency" time="0.04" classname="com.ImapTesting.testcases.TC_CompressorConfiguration"/>
  <testcase name="Verify_Units_UserSpecifiedParameters" time="0.152" classname="com.ImapTesting.testcases.TC_CompressorConfiguration"/>
  <testcase name="Verify_UnitIP" time="0.0" classname="com.ImapTesting.testcases.TC_CompressorConfiguration"/>
  <testcase name="Verify_CoefficientUnitIP_FixedSpeedCompressor" time="0.256" classname="com.ImapTesting.testcases.TC_CompressorConfiguration"/>
  <testcase name="Verify_UnitSI" time="0.038" classname="com.ImapTesting.testcases.TC_CompressorConfiguration"/>
  <testcase name="Verify_CoefficientUnitSI_FixedSpeedCompressor" time="0.34" classname="com.ImapTesting.testcases.TC_CompressorConfiguration"/>
  <testcase name="Verify_Usersetting_SI" time="0.765" classname="com.ImapTesting.testcases.TC_CompressorConfiguration"/>
  <testcase name="Verify_Userspecifiedparameterfields_SI" time="0.058" classname="com.ImapTesting.testcases.TC_CompressorConfiguration">
    <failure type="java.lang.AssertionError" message="expected [10] but found [50]">
      <![CDATA[java.lang.AssertionError: expected [10] but found [50]
at org.testng.Assert.fail(Assert.java:96)
at org.testng.Assert.failNotEquals(Assert.java:776)
at org.testng.Assert.assertEqualsImpl(Assert.java:137)
at org.testng.Assert.assertEquals(Assert.java:118)
at org.testng.Assert.assertEquals(Assert.java:453)
at org.testng.Assert.assertEquals(Assert.java:463)
at com.ImapTesting.testcases.TC_CompressorConfiguration.Verify_Userspecifiedparameterfields_SI(TC_CompressorConfiguration.java:480)
at sun.reflect.NativeMethodAccessorImpl.invoke0(Native Method)
at sun.reflect.NativeMethodAccessorImpl.invoke(Unknown Source)
at sun.reflect.DelegatingMethodAccessorImpl.invoke(Unknown Source)
at java.lang.reflect.Method.invoke(Unknown Source)
at org.testng.internal.MethodInvocationHelper.invokeMethod(MethodInvocationHelper.java:124)
at org.testng.internal.Invoker.invokeMethod(Invoker.java:580)
at org.testng.internal.Invoker.invokeTestMethod(Invoker.java:716)
at org.testng.internal.Invoker.invokeTestMethods(Invoker.java:988)
at org.testng.internal.TestMethodWorker.invokeTestMethods(TestMethodWorker.java:125)
at org.testng.internal.TestMethodWorker.run(TestMethodWorker.java:109)
at org.testng.TestRunner.privateRun(TestRunner.java:648)
at org.testng.TestRunner.run(TestRunner.java:505)
at org.testng.SuiteRunner.runTest(SuiteRunner.java:455)
at org.testng.SuiteRunner.runSequentially(SuiteRunner.java:450)
at org.testng.SuiteRunner.privateRun(SuiteRunner.java:415)
at org.testng.SuiteRunner.run(SuiteRunner.java:364)
at org.testng.SuiteRunnerWorker.runSuite(SuiteRunnerWorker.java:52)
at org.testng.SuiteRunnerWorker.run(SuiteRunnerWorker.java:84)
at org.testng.TestNG.runSuitesSequentially(TestNG.java:1208)
at org.testng.TestNG.runSuitesLocally(TestNG.java:1137)
at org.testng.TestNG.runSuites(TestNG.java:1049)
at org.testng.TestNG.run(TestNG.java:1017)
at org.testng.remote.AbstractRemoteTestNG.run(AbstractRemoteTestNG.java:114)
at org.testng.remote.RemoteTestNG.initAndRun(RemoteTestNG.java:251)
at org.testng.remote.RemoteTestNG.main(RemoteTestNG.java:77)
]]>
    </failure>
  </testcase> <!-- Verify_Userspecifiedparameterfields_SI -->
  <testcase name="VerifyVoltage_SI" time="0.032" classname="com.ImapTesting.testcases.TC_CompressorConfiguration"/>
  <testcase name="VerifyCost_SI" time="0.05" classname="com.ImapTesting.testcases.TC_CompressorConfiguration"/>
  <testcase name="VerifyFrequency_SI" time="0.058" classname="com.ImapTesting.testcases.TC_CompressorConfiguration"/>
  <testcase name="VerifyUserSpecifiedParameter_SI" time="0.03" classname="com.ImapTesting.testcases.TC_CompressorConfiguration">
    <failure type="java.lang.AssertionError" message="The units of the user specified parameter are not correct expected [째C] but found [째F]">
      <![CDATA[java.lang.AssertionError: The units of the user specified parameter are not correct expected [째C] but found [째F]
at org.testng.Assert.fail(Assert.java:96)
at org.testng.Assert.failNotEquals(Assert.java:776)
at org.testng.Assert.assertEqualsImpl(Assert.java:137)
at org.testng.Assert.assertEquals(Assert.java:118)
at org.testng.Assert.assertEquals(Assert.java:453)
at com.ImapTesting.pages.CompressorConfig_Page.Check_UserSpecifiedParameter_Unit_SI(CompressorConfig_Page.java:410)
at com.ImapTesting.testcases.TC_CompressorConfiguration.VerifyUserSpecifiedParameter_SI(TC_CompressorConfiguration.java:516)
at sun.reflect.NativeMethodAccessorImpl.invoke0(Native Method)
at sun.reflect.NativeMethodAccessorImpl.invoke(Unknown Source)
at sun.reflect.DelegatingMethodAccessorImpl.invoke(Unknown Source)
at java.lang.reflect.Method.invoke(Unknown Source)
at org.testng.internal.MethodInvocationHelper.invokeMethod(MethodInvocationHelper.java:124)
at org.testng.internal.Invoker.invokeMethod(Invoker.java:580)
at org.testng.internal.Invoker.invokeTestMethod(Invoker.java:716)
at org.testng.internal.Invoker.invokeTestMethods(Invoker.java:988)
at org.testng.internal.TestMethodWorker.invokeTestMethods(TestMethodWorker.java:125)
at org.testng.internal.TestMethodWorker.run(TestMethodWorker.java:109)
at org.testng.TestRunner.privateRun(TestRunner.java:648)
at org.testng.TestRunner.run(TestRunner.java:505)
at org.testng.SuiteRunner.runTest(SuiteRunner.java:455)
at org.testng.SuiteRunner.runSequentially(SuiteRunner.java:450)
at org.testng.SuiteRunner.privateRun(SuiteRunner.java:415)
at org.testng.SuiteRunner.run(SuiteRunner.java:364)
at org.testng.SuiteRunnerWorker.runSuite(SuiteRunnerWorker.java:52)
at org.testng.SuiteRunnerWorker.run(SuiteRunnerWorker.java:84)
at org.testng.TestNG.runSuitesSequentially(TestNG.java:1208)
at org.testng.TestNG.runSuitesLocally(TestNG.java:1137)
at org.testng.TestNG.runSuites(TestNG.java:1049)
at org.testng.TestNG.run(TestNG.java:1017)
at org.testng.remote.AbstractRemoteTestNG.run(AbstractRemoteTestNG.java:114)
at org.testng.remote.RemoteTestNG.initAndRun(RemoteTestNG.java:251)
at org.testng.remote.RemoteTestNG.main(RemoteTestNG.java:77)
]]>
    </failure>
  </testcase> <!-- VerifyUserSpecifiedParameter_SI -->
</testsuite> <!-- Default test -->
