<?xml version="1.0" encoding="UTF-8"?>
<!-- Generated by org.testng.reporters.JUnitXMLReporter -->
<testsuite hostname="M3106868" ignored="0" name="Imap Test Cases" tests="44" failures="6" timestamp="01 Jul 2019 20:27:18 GMT" time="50.9" errors="0">
  <testcase name="Successfulllogin" time="1.717" classname="com.ImapTesting.testcases.TC_CompressorConfiguration"/>
  <testcase name="validatedashboardpage" time="1.607" classname="com.ImapTesting.testcases.TC_CompressorConfiguration"/>
  <testcase name="clickMyProjectIcon" time="2.907" classname="com.ImapTesting.testcases.TC_CompressorConfiguration"/>
  <testcase name="Verify_ProjectList" time="0.597" classname="com.ImapTesting.testcases.TC_CompressorConfiguration"/>
  <testcase name="Verify_UnittList" time="1.842" classname="com.ImapTesting.testcases.TC_CompressorConfiguration"/>
  <testcase name="Verify_AddCompDrop" time="4.601" classname="com.ImapTesting.testcases.TC_CompressorConfiguration"/>
  <testcase name="Verify_BtnPerformanceCal" time="0.093" classname="com.ImapTesting.testcases.TC_CompressorConfiguration"/>
  <testcase name="Verify_BtnCompressorSave" time="0.068" classname="com.ImapTesting.testcases.TC_CompressorConfiguration"/>
  <testcase name="Verify_BtnCompressorNext" time="0.13" classname="com.ImapTesting.testcases.TC_CompressorConfiguration"/>
  <testcase name="Verify_DefaultMassFlowMultiplier" time="0.045" classname="com.ImapTesting.testcases.TC_CompressorConfiguration"/>
  <testcase name="Verify_DefaultPowerMultiplier" time="0.033" classname="com.ImapTesting.testcases.TC_CompressorConfiguration"/>
  <testcase name="Verify_DefaultCurrentMultiplier" time="0.028" classname="com.ImapTesting.testcases.TC_CompressorConfiguration"/>
  <testcase name="Verify_DefaultShellHeatLoss" time="0.033" classname="com.ImapTesting.testcases.TC_CompressorConfiguration"/>
  <testcase name="Verify_DefaultType" time="0.045" classname="com.ImapTesting.testcases.TC_CompressorConfiguration"/>
  <testcase name="Verify_Manufacture" time="0.057" classname="com.ImapTesting.testcases.TC_CompressorConfiguration"/>
  <testcase name="Verify_Model" time="0.053" classname="com.ImapTesting.testcases.TC_CompressorConfiguration"/>
  <testcase name="Verify_DefaultVoltage" time="0.042" classname="com.ImapTesting.testcases.TC_CompressorConfiguration"/>
  <testcase name="Verify_DropdownPhase" time="0.291" classname="com.ImapTesting.testcases.TC_CompressorConfiguration"/>
  <testcase name="Verify_DropdownRefrigerant" time="0.901" classname="com.ImapTesting.testcases.TC_CompressorConfiguration"/>
  <testcase name="Verify_LblVoltage" time="10.476" classname="com.ImapTesting.testcases.TC_CompressorConfiguration"/>
  <testcase name="Verify_SatSucTemp" time="0.05" classname="com.ImapTesting.testcases.TC_CompressorConfiguration">
    <failure type="java.lang.AssertionError" message="When the user setting is IP the  Default value of Saturation Suction Temp is 50 expected [50] but found [10]">
      <![CDATA[java.lang.AssertionError: When the user setting is IP the  Default value of Saturation Suction Temp is 50 expected [50] but found [10]
at com.ImapTesting.testcases.TC_CompressorConfiguration.Verify_SatSucTemp(TC_CompressorConfiguration.java:321)
... Removed 30 stack frames]]>
    </failure>
  </testcase> <!-- Verify_SatSucTemp -->
  <testcase name="Verify_SatDisTemp" time="0.032" classname="com.ImapTesting.testcases.TC_CompressorConfiguration"/>
  <testcase name="Verify_LiqLineSubCool" time="0.032" classname="com.ImapTesting.testcases.TC_CompressorConfiguration"/>
  <testcase name="Verify_SucLineSubCool" time="0.027" classname="com.ImapTesting.testcases.TC_CompressorConfiguration"/>
  <testcase name="Verify_ExpectedPhaseValue" time="0.208" classname="com.ImapTesting.testcases.TC_CompressorConfiguration"/>
  <testcase name="Verify_CompressorTypeDropValue" time="0.175" classname="com.ImapTesting.testcases.TC_CompressorConfiguration"/>
  <testcase name="Verify_DefaultCompressorTypeDropValue" time="0.113" classname="com.ImapTesting.testcases.TC_CompressorConfiguration"/>
  <testcase name="Verify_ListCompressorTypeDropValue" time="0.155" classname="com.ImapTesting.testcases.TC_CompressorConfiguration"/>
  <testcase name="Verify_ExpCompressorTypeDropValue" time="0.145" classname="com.ImapTesting.testcases.TC_CompressorConfiguration"/>
  <testcase name="Verify_DefaultCost" time="0.03" classname="com.ImapTesting.testcases.TC_CompressorConfiguration"/>
  <testcase name="Verify_LabelCost" time="0.045" classname="com.ImapTesting.testcases.TC_CompressorConfiguration">
    <failure type="java.lang.AssertionError" message="expected [$] but found []">
      <![CDATA[java.lang.AssertionError: expected [$] but found []
at com.ImapTesting.testcases.TC_CompressorConfiguration.Verify_LabelCost(TC_CompressorConfiguration.java:402)
... Removed 31 stack frames]]>
    </failure>
  </testcase> <!-- Verify_LabelCost -->
  <testcase name="Verify_DefaultFrequency" time="0.035" classname="com.ImapTesting.testcases.TC_CompressorConfiguration"/>
  <testcase name="Verify_LabelFrequency" time="0.045" classname="com.ImapTesting.testcases.TC_CompressorConfiguration">
    <failure type="java.lang.AssertionError" message="expected [Hz] but found []">
      <![CDATA[java.lang.AssertionError: expected [Hz] but found []
at com.ImapTesting.testcases.TC_CompressorConfiguration.Verify_LabelFrequency(TC_CompressorConfiguration.java:420)
... Removed 31 stack frames]]>
    </failure>
  </testcase> <!-- Verify_LabelFrequency -->
  <testcase name="Verify_Units_UserSpecifiedParameters" time="0.05" classname="com.ImapTesting.testcases.TC_CompressorConfiguration">
    <failure type="java.lang.AssertionError" message="The units of the user specified parameter are not correct expected [°F] but found []">
      <![CDATA[java.lang.AssertionError: The units of the user specified parameter are not correct expected [°F] but found []
at com.ImapTesting.pages.CompressorConfig_Page.Check_UserSpecifiedParameter_Unit_IP(CompressorConfig_Page.java:389)
at com.ImapTesting.testcases.TC_CompressorConfiguration.Verify_Units_UserSpecifiedParameters(TC_CompressorConfiguration.java:428)
... Removed 30 stack frames]]>
    </failure>
  </testcase> <!-- Verify_Units_UserSpecifiedParameters -->
  <testcase name="Verify_UnitIP" time="0.0" classname="com.ImapTesting.testcases.TC_CompressorConfiguration"/>
  <testcase name="Verify_CoefficientUnitIP_FixedSpeedCompressor" time="0.118" classname="com.ImapTesting.testcases.TC_CompressorConfiguration">
    <failure type="java.lang.AssertionError" message="The units are not matched : expected [Mass Flow(lbm/hr)] but found []">
      <![CDATA[java.lang.AssertionError: The units are not matched : expected [Mass Flow(lbm/hr)] but found []
at com.ImapTesting.pages.CompressorConfig_Page.CheckcoefficientUnit_FixedSpeed_IP(CompressorConfig_Page.java:534)
at com.ImapTesting.testcases.TC_CompressorConfiguration.Verify_CoefficientUnitIP_FixedSpeedCompressor(TC_CompressorConfiguration.java:447)
... Removed 30 stack frames]]>
    </failure>
  </testcase> <!-- Verify_CoefficientUnitIP_FixedSpeedCompressor -->
  <testcase name="Verify_UnitSI" time="0.035" classname="com.ImapTesting.testcases.TC_CompressorConfiguration"/>
  <testcase name="Verify_CoefficientUnitSI_FixedSpeedCompressor" time="0.406" classname="com.ImapTesting.testcases.TC_CompressorConfiguration"/>
  <testcase name="Verify_Usersetting_SI" time="0.09" classname="com.ImapTesting.testcases.TC_CompressorConfiguration">
    <failure type="org.openqa.selenium.WebDriverException" message="unknown error: Element &amp;lt;a data-toggle=&amp;quot;dropdown&amp;quot; data-hover=&amp;quot;dropdown&amp;quot; class=&amp;quot;dropdown-toggle&amp;quot; data-close-others=&amp;quot;true&amp;quot; href=&amp;quot;&amp;quot; ng-click=&amp;quot;UserSetting()&amp;quot;&amp;gt;...&amp;lt;/a&amp;gt; is not clickable at point (1254, 25). Other element would receive the click: &amp;lt;div class=&amp;quot;ngdialog-overlay&amp;quot;&amp;gt;&amp;lt;/div&amp;gt;
  (Session info: chrome=72.0.3626.121)
  (Driver info: chromedriver=2.40.565498 (ea082db3280dd6843ebfb08a625e3eb905c4f5ab),platform=Windows NT 6.1.7601 SP1 x86_64) (WARNING: The server did not provide any stacktrace information)
Command duration or timeout: 0 milliseconds
Build info: version: &amp;apos;3.12.0&amp;apos;, revision: &amp;apos;7c6e0b3&amp;apos;, time: &amp;apos;2018-05-08T14:04:26.12Z&amp;apos;
System info: host: &amp;apos;M3106868&amp;apos;, ip: &amp;apos;10.114.32.63&amp;apos;, os.name: &amp;apos;Windows 7&amp;apos;, os.arch: &amp;apos;amd64&amp;apos;, os.version: &amp;apos;6.1&amp;apos;, java.version: &amp;apos;1.8.0_121&amp;apos;
Driver info: org.openqa.selenium.chrome.ChromeDriver
Capabilities {acceptInsecureCerts: false, acceptSslCerts: false, applicationCacheEnabled: false, browserConnectionEnabled: false, browserName: chrome, chrome: {chromedriverVersion: 2.40.565498 (ea082db3280dd6..., userDataDir: C:\Users\ckhobra\AppData\Lo...}, cssSelectorsEnabled: true, databaseEnabled: false, handlesAlerts: true, hasTouchScreen: false, javascriptEnabled: true, locationContextEnabled: true, mobileEmulationEnabled: false, nativeEvents: true, networkConnectionEnabled: false, pageLoadStrategy: normal, platform: XP, platformName: XP, rotatable: false, setWindowRect: true, takesHeapSnapshot: true, takesScreenshot: true, unexpectedAlertBehaviour: , unhandledPromptBehavior: , version: 72.0.3626.121, webStorageEnabled: true}
Session ID: 95e96e69b15f3ef33dbaa3081785a38b">
      <![CDATA[org.openqa.selenium.WebDriverException: unknown error: Element <a data-toggle="dropdown" data-hover="dropdown" class="dropdown-toggle" data-close-others="true" href="" ng-click="UserSetting()">...</a> is not clickable at point (1254, 25). Other element would receive the click: <div class="ngdialog-overlay"></div>
  (Session info: chrome=72.0.3626.121)
  (Driver info: chromedriver=2.40.565498 (ea082db3280dd6843ebfb08a625e3eb905c4f5ab),platform=Windows NT 6.1.7601 SP1 x86_64) (WARNING: The server did not provide any stacktrace information)
Command duration or timeout: 0 milliseconds
Build info: version: '3.12.0', revision: '7c6e0b3', time: '2018-05-08T14:04:26.12Z'
System info: host: 'M3106868', ip: '10.114.32.63', os.name: 'Windows 7', os.arch: 'amd64', os.version: '6.1', java.version: '1.8.0_121'
Driver info: org.openqa.selenium.chrome.ChromeDriver
Capabilities {acceptInsecureCerts: false, acceptSslCerts: false, applicationCacheEnabled: false, browserConnectionEnabled: false, browserName: chrome, chrome: {chromedriverVersion: 2.40.565498 (ea082db3280dd6..., userDataDir: C:\Users\ckhobra\AppData\Lo...}, cssSelectorsEnabled: true, databaseEnabled: false, handlesAlerts: true, hasTouchScreen: false, javascriptEnabled: true, locationContextEnabled: true, mobileEmulationEnabled: false, nativeEvents: true, networkConnectionEnabled: false, pageLoadStrategy: normal, platform: XP, platformName: XP, rotatable: false, setWindowRect: true, takesHeapSnapshot: true, takesScreenshot: true, unexpectedAlertBehaviour: , unhandledPromptBehavior: , version: 72.0.3626.121, webStorageEnabled: true}
Session ID: 95e96e69b15f3ef33dbaa3081785a38b
at org.openqa.selenium.remote.ErrorHandler.createThrowable(ErrorHandler.java:214)
at org.openqa.selenium.remote.ErrorHandler.throwIfResponseFailed(ErrorHandler.java:166)
at org.openqa.selenium.remote.http.JsonHttpResponseCodec.reconstructValue(JsonHttpResponseCodec.java:40)
at org.openqa.selenium.remote.http.AbstractHttpResponseCodec.decode(AbstractHttpResponseCodec.java:80)
at org.openqa.selenium.remote.http.AbstractHttpResponseCodec.decode(AbstractHttpResponseCodec.java:44)
at org.openqa.selenium.remote.HttpCommandExecutor.execute(HttpCommandExecutor.java:158)
at org.openqa.selenium.remote.service.DriverCommandExecutor.execute(DriverCommandExecutor.java:83)
at org.openqa.selenium.remote.RemoteWebDriver.execute(RemoteWebDriver.java:543)
at org.openqa.selenium.remote.RemoteWebElement.execute(RemoteWebElement.java:276)
at org.openqa.selenium.remote.RemoteWebElement.click(RemoteWebElement.java:83)
at org.openqa.selenium.support.pagefactory.internal.LocatingElementHandler.invoke(LocatingElementHandler.java:51)
at com.sun.proxy.$Proxy11.click(Unknown Source)
at com.ImapTesting.commonfunction.Web_Link.SelectUsersetting_SI(Web_Link.java:426)
at com.ImapTesting.testcases.TC_CompressorConfiguration.Verify_Usersetting_SI(TC_CompressorConfiguration.java:474)
... Removed 33 stack frames]]>
    </failure>
  </testcase> <!-- Verify_Usersetting_SI -->
  <testcase name="Verify_Userspecifiedparameterfields_SI" time="0.0" classname="com.ImapTesting.testcases.TC_CompressorConfiguration">
    <skipped/>
  </testcase> <!-- Verify_Userspecifiedparameterfields_SI -->
  <testcase name="VerifyVoltage_SI" time="0.045" classname="com.ImapTesting.testcases.TC_CompressorConfiguration"/>
  <testcase name="VerifyCost_SI" time="0.06" classname="com.ImapTesting.testcases.TC_CompressorConfiguration"/>
  <testcase name="VerifyFrequency_SI" time="0.066" classname="com.ImapTesting.testcases.TC_CompressorConfiguration"/>
  <testcase name="VerifyUserSpecifiedParameter_SI" time="0.178" classname="com.ImapTesting.testcases.TC_CompressorConfiguration"/>
</testsuite> <!-- Imap Test Cases -->
