<?xml version="1.0" encoding="UTF-8"?>
<!-- Generated by org.testng.reporters.JUnitReportReporter -->
<testsuite skipped="0" hostname="M3106868" name="com.ImapTesting.testcases.TC_CompressorConfiguration" tests="44" failures="2" timestamp="01 Jul 2019 20:29:56 GMT" time="23.677" errors="0">
  <testcase name="Successfulllogin" time="0.603" classname="com.ImapTesting.testcases.TC_CompressorConfiguration"/>
  <testcase name="validatedashboardpage" time="1.487" classname="com.ImapTesting.testcases.TC_CompressorConfiguration"/>
  <testcase name="clickMyProjectIcon" time="3.505" classname="com.ImapTesting.testcases.TC_CompressorConfiguration"/>
  <testcase name="Verify_ProjectList" time="0.737" classname="com.ImapTesting.testcases.TC_CompressorConfiguration"/>
  <testcase name="Verify_UnittList" time="1.827" classname="com.ImapTesting.testcases.TC_CompressorConfiguration"/>
  <testcase name="Verify_AddCompDrop" time="4.253" classname="com.ImapTesting.testcases.TC_CompressorConfiguration"/>
  <testcase name="Verify_BtnPerformanceCal" time="0.157" classname="com.ImapTesting.testcases.TC_CompressorConfiguration"/>
  <testcase name="Verify_BtnCompressorSave" time="0.260" classname="com.ImapTesting.testcases.TC_CompressorConfiguration"/>
  <testcase name="Verify_BtnCompressorNext" time="0.170" classname="com.ImapTesting.testcases.TC_CompressorConfiguration"/>
  <testcase name="Verify_DefaultMassFlowMultiplier" time="0.084" classname="com.ImapTesting.testcases.TC_CompressorConfiguration"/>
  <testcase name="Verify_DefaultPowerMultiplier" time="0.117" classname="com.ImapTesting.testcases.TC_CompressorConfiguration"/>
  <testcase name="Verify_DefaultCurrentMultiplier" time="0.193" classname="com.ImapTesting.testcases.TC_CompressorConfiguration"/>
  <testcase name="Verify_DefaultShellHeatLoss" time="0.105" classname="com.ImapTesting.testcases.TC_CompressorConfiguration"/>
  <testcase name="Verify_DefaultType" time="0.088" classname="com.ImapTesting.testcases.TC_CompressorConfiguration"/>
  <testcase name="Verify_Manufacture" time="0.100" classname="com.ImapTesting.testcases.TC_CompressorConfiguration"/>
  <testcase name="Verify_Model" time="0.110" classname="com.ImapTesting.testcases.TC_CompressorConfiguration"/>
  <testcase name="Verify_DefaultVoltage" time="0.068" classname="com.ImapTesting.testcases.TC_CompressorConfiguration"/>
  <testcase name="Verify_DropdownPhase" time="0.375" classname="com.ImapTesting.testcases.TC_CompressorConfiguration"/>
  <testcase name="Verify_DropdownRefrigerant" time="0.870" classname="com.ImapTesting.testcases.TC_CompressorConfiguration"/>
  <testcase name="Verify_LblVoltage" time="2.720" classname="com.ImapTesting.testcases.TC_CompressorConfiguration"/>
  <testcase name="Verify_SatSucTemp" time="0.772" classname="com.ImapTesting.testcases.TC_CompressorConfiguration"/>
  <testcase name="Verify_SatDisTemp" time="0.151" classname="com.ImapTesting.testcases.TC_CompressorConfiguration"/>
  <testcase name="Verify_LiqLineSubCool" time="0.089" classname="com.ImapTesting.testcases.TC_CompressorConfiguration"/>
  <testcase name="Verify_SucLineSubCool" time="0.127" classname="com.ImapTesting.testcases.TC_CompressorConfiguration"/>
  <testcase name="Verify_ExpectedPhaseValue" time="0.211" classname="com.ImapTesting.testcases.TC_CompressorConfiguration"/>
  <testcase name="Verify_CompressorTypeDropValue" time="0.702" classname="com.ImapTesting.testcases.TC_CompressorConfiguration"/>
  <testcase name="Verify_DefaultCompressorTypeDropValue" time="0.188" classname="com.ImapTesting.testcases.TC_CompressorConfiguration"/>
  <testcase name="Verify_ListCompressorTypeDropValue" time="0.209" classname="com.ImapTesting.testcases.TC_CompressorConfiguration"/>
  <testcase name="Verify_ExpCompressorTypeDropValue" time="0.212" classname="com.ImapTesting.testcases.TC_CompressorConfiguration"/>
  <testcase name="Verify_DefaultCost" time="0.070" classname="com.ImapTesting.testcases.TC_CompressorConfiguration"/>
  <testcase name="Verify_LabelCost" time="0.091" classname="com.ImapTesting.testcases.TC_CompressorConfiguration"/>
  <testcase name="Verify_DefaultFrequency" time="0.067" classname="com.ImapTesting.testcases.TC_CompressorConfiguration"/>
  <testcase name="Verify_LabelFrequency" time="0.090" classname="com.ImapTesting.testcases.TC_CompressorConfiguration"/>
  <testcase name="Verify_Units_UserSpecifiedParameters" time="0.197" classname="com.ImapTesting.testcases.TC_CompressorConfiguration"/>
  <testcase name="Verify_UnitIP" time="0.078" classname="com.ImapTesting.testcases.TC_CompressorConfiguration"/>
  <testcase name="Verify_CoefficientUnitIP_FixedSpeedCompressor" time="0.312" classname="com.ImapTesting.testcases.TC_CompressorConfiguration"/>
  <testcase name="Verify_UnitSI" time="0.528" classname="com.ImapTesting.testcases.TC_CompressorConfiguration"/>
  <testcase name="Verify_CoefficientUnitSI_FixedSpeedCompressor" time="0.385" classname="com.ImapTesting.testcases.TC_CompressorConfiguration"/>
  <testcase name="Verify_Usersetting_SI" time="0.815" classname="com.ImapTesting.testcases.TC_CompressorConfiguration"/>
  <testcase name="Verify_Userspecifiedparameterfields_SI" time="0.129" classname="com.ImapTesting.testcases.TC_CompressorConfiguration">
    <failure type="java.lang.AssertionError" message="expected [10] but found [50]">
      <![CDATA[java.lang.AssertionError: expected [10] but found [50]
at org.testng.Assert.fail(Assert.java:96)
at org.testng.Assert.failNotEquals(Assert.java:776)
at org.testng.Assert.assertEqualsImpl(Assert.java:137)
at org.testng.Assert.assertEquals(Assert.java:118)
at org.testng.Assert.assertEquals(Assert.java:453)
at org.testng.Assert.assertEquals(Assert.java:463)
at com.ImapTesting.testcases.TC_CompressorConfiguration.Verify_Userspecifiedparameterfields_SI(TC_CompressorConfiguration.java:480)
at sun.reflect.NativeMethodAccessorImpl.invoke0(Native Method)
at sun.reflect.NativeMethodAccessorImpl.invoke(Unknown Source)
at sun.reflect.DelegatingMethodAccessorImpl.invoke(Unknown Source)
at java.lang.reflect.Method.invoke(Unknown Source)
at org.testng.internal.MethodInvocationHelper.invokeMethod(MethodInvocationHelper.java:124)
at org.testng.internal.Invoker.invokeMethod(Invoker.java:580)
at org.testng.internal.Invoker.invokeTestMethod(Invoker.java:716)
at org.testng.internal.Invoker.invokeTestMethods(Invoker.java:988)
at org.testng.internal.TestMethodWorker.invokeTestMethods(TestMethodWorker.java:125)
at org.testng.internal.TestMethodWorker.run(TestMethodWorker.java:109)
at org.testng.TestRunner.privateRun(TestRunner.java:648)
at org.testng.TestRunner.run(TestRunner.java:505)
at org.testng.SuiteRunner.runTest(SuiteRunner.java:455)
at org.testng.SuiteRunner.runSequentially(SuiteRunner.java:450)
at org.testng.SuiteRunner.privateRun(SuiteRunner.java:415)
at org.testng.SuiteRunner.run(SuiteRunner.java:364)
at org.testng.SuiteRunnerWorker.runSuite(SuiteRunnerWorker.java:52)
at org.testng.SuiteRunnerWorker.run(SuiteRunnerWorker.java:84)
at org.testng.TestNG.runSuitesSequentially(TestNG.java:1208)
at org.testng.TestNG.runSuitesLocally(TestNG.java:1137)
at org.testng.TestNG.runSuites(TestNG.java:1049)
at org.testng.TestNG.run(TestNG.java:1017)
at org.testng.remote.AbstractRemoteTestNG.run(AbstractRemoteTestNG.java:114)
at org.testng.remote.RemoteTestNG.initAndRun(RemoteTestNG.java:251)
at org.testng.remote.RemoteTestNG.main(RemoteTestNG.java:77)
]]>
    </failure>
  </testcase> <!-- Verify_Userspecifiedparameterfields_SI -->
  <testcase name="VerifyVoltage_SI" time="0.102" classname="com.ImapTesting.testcases.TC_CompressorConfiguration"/>
  <testcase name="VerifyCost_SI" time="0.102" classname="com.ImapTesting.testcases.TC_CompressorConfiguration"/>
  <testcase name="VerifyFrequency_SI" time="0.151" classname="com.ImapTesting.testcases.TC_CompressorConfiguration"/>
  <testcase name="VerifyUserSpecifiedParameter_SI" time="0.070" classname="com.ImapTesting.testcases.TC_CompressorConfiguration">
    <failure type="java.lang.AssertionError" message="The units of the user specified parameter are not correct expected [째C] but found [째F]">
      <![CDATA[java.lang.AssertionError: The units of the user specified parameter are not correct expected [째C] but found [째F]
at org.testng.Assert.fail(Assert.java:96)
at org.testng.Assert.failNotEquals(Assert.java:776)
at org.testng.Assert.assertEqualsImpl(Assert.java:137)
at org.testng.Assert.assertEquals(Assert.java:118)
at org.testng.Assert.assertEquals(Assert.java:453)
at com.ImapTesting.pages.CompressorConfig_Page.Check_UserSpecifiedParameter_Unit_SI(CompressorConfig_Page.java:410)
at com.ImapTesting.testcases.TC_CompressorConfiguration.VerifyUserSpecifiedParameter_SI(TC_CompressorConfiguration.java:516)
at sun.reflect.NativeMethodAccessorImpl.invoke0(Native Method)
at sun.reflect.NativeMethodAccessorImpl.invoke(Unknown Source)
at sun.reflect.DelegatingMethodAccessorImpl.invoke(Unknown Source)
at java.lang.reflect.Method.invoke(Unknown Source)
at org.testng.internal.MethodInvocationHelper.invokeMethod(MethodInvocationHelper.java:124)
at org.testng.internal.Invoker.invokeMethod(Invoker.java:580)
at org.testng.internal.Invoker.invokeTestMethod(Invoker.java:716)
at org.testng.internal.Invoker.invokeTestMethods(Invoker.java:988)
at org.testng.internal.TestMethodWorker.invokeTestMethods(TestMethodWorker.java:125)
at org.testng.internal.TestMethodWorker.run(TestMethodWorker.java:109)
at org.testng.TestRunner.privateRun(TestRunner.java:648)
at org.testng.TestRunner.run(TestRunner.java:505)
at org.testng.SuiteRunner.runTest(SuiteRunner.java:455)
at org.testng.SuiteRunner.runSequentially(SuiteRunner.java:450)
at org.testng.SuiteRunner.privateRun(SuiteRunner.java:415)
at org.testng.SuiteRunner.run(SuiteRunner.java:364)
at org.testng.SuiteRunnerWorker.runSuite(SuiteRunnerWorker.java:52)
at org.testng.SuiteRunnerWorker.run(SuiteRunnerWorker.java:84)
at org.testng.TestNG.runSuitesSequentially(TestNG.java:1208)
at org.testng.TestNG.runSuitesLocally(TestNG.java:1137)
at org.testng.TestNG.runSuites(TestNG.java:1049)
at org.testng.TestNG.run(TestNG.java:1017)
at org.testng.remote.AbstractRemoteTestNG.run(AbstractRemoteTestNG.java:114)
at org.testng.remote.RemoteTestNG.initAndRun(RemoteTestNG.java:251)
at org.testng.remote.RemoteTestNG.main(RemoteTestNG.java:77)
]]>
    </failure>
  </testcase> <!-- VerifyUserSpecifiedParameter_SI -->
</testsuite> <!-- com.ImapTesting.testcases.TC_CompressorConfiguration -->
